Using pre-set license
Built from '2020.3/staging' branch; Version is '2020.3.18f1 (a7d1c678663c) revision 10998214'; Using compiler version '192528614'; Build Type 'Release'
OS: 'Windows 10 Home Single Language; OS build 19042.1415; Version 2009; 64bit' Language: 'en' Physical Memory: 8090 MB
BatchMode: 1, IsHumanControllingUs: 0, StartBugReporterOnCrash: 0, Is64bit: 1, IsPro: 0

COMMAND LINE ARGUMENTS:
E:\Unity\Uni\2020.3.18f1\Editor\Unity.exe
-adb2
-batchMode
-noUpm
-name
AssetImportWorker1
-projectPath
D:/Workspace/c#/PhatTrienTroChoi/DefeatMonster/DefeatMonsters
-logFile
Logs/AssetImportWorker1.log
-srvPort
57226
Successfully changed project path to: D:/Workspace/c#/PhatTrienTroChoi/DefeatMonster/DefeatMonsters
D:/Workspace/c#/PhatTrienTroChoi/DefeatMonster/DefeatMonsters
Using Asset Import Pipeline V2.
Refreshing native plugins compatible for Editor in 124.49 ms, found 3 plugins.
Preloading 0 native plugins for Editor in 0.00 ms.
Initialize engine version: 2020.3.18f1 (a7d1c678663c)
[Subsystems] Discovering subsystems at path E:/Unity/Uni/2020.3.18f1/Editor/Data/Resources/UnitySubsystems
[Subsystems] Discovering subsystems at path D:/Workspace/c#/PhatTrienTroChoi/DefeatMonster/DefeatMonsters/Assets
GfxDevice: creating device client; threaded=0
Direct3D:
    Version:  Direct3D 11.0 [level 11.0]
    Renderer: NVIDIA GeForce 940MX (ID=0x134d)
    Vendor:   
    VRAM:     2010 MB
    Driver:   27.21.14.6231
Initialize mono
Mono path[0] = 'E:/Unity/Uni/2020.3.18f1/Editor/Data/Managed'
Mono path[1] = 'E:/Unity/Uni/2020.3.18f1/Editor/Data/MonoBleedingEdge/lib/mono/unityjit'
Mono config path = 'E:/Unity/Uni/2020.3.18f1/Editor/Data/MonoBleedingEdge/etc'
Using monoOptions --debugger-agent=transport=dt_socket,embedding=1,server=y,suspend=n,address=127.0.0.1:56532
Begin MonoManager ReloadAssembly
