Using pre-set license
Built from '2020.3/staging' branch; Version is '2020.3.18f1 (a7d1c678663c) revision 10998214'; Using compiler version '192528614'; Build Type 'Release'
OS: 'Windows 10 Home; OS build 19042.1415; Version 2009; 64bit' Language: 'en' Physical Memory: 12157 MB
BatchMode: 1, IsHumanControllingUs: 0, StartBugReporterOnCrash: 0, Is64bit: 1, IsPro: 0

COMMAND LINE ARGUMENTS:
C:\Program Files\Unity\Hub\Editor\2020.3.18f1\Editor\Unity.exe
-adb2
-batchMode
-noUpm
-name
AssetImportWorker11
-projectPath
D:/HKI-2021/Phát triển trò chơi/DefeatMonster/DefeatMonsters
-logFile
Logs/AssetImportWorker11.log
-srvPort
58792
Successfully changed project path to: D:/HKI-2021/Phát triển trò chơi/DefeatMonster/DefeatMonsters
D:/HKI-2021/Phát triển trò chơi/DefeatMonster/DefeatMonsters
Using Asset Import Pipeline V2.
